
  935  clear
  936  sort --help
  937  ls
  938  sort -k 2n amazon_reviews_us_Books_v1_02.tsv 
  939  sort -k 2, 5 amazon_reviews_us_Books_v1_02.tsvvoks_v1_02.tsv 
  940  sort -k 2 5 amazon_reviews_us_Books_v1_02.tsv 
  941  sort -k 2,2 amazon_reviews_us_Books_v1_02.tsv 
  942  clear
  943  sort-k2ng,2 | tail -5
  944  sort-k2ng,2 amazon_reviews_us_Books_v1_02.tsv | tail -5
  945  sort -k2ng,2 amazon_reviews_us_Books_v1_02.tsv | tail -5
  946  sort -k2,2 amazon_reviews_us_Books_v1_02.tsv | tail -5
  947  sort -k 2 amazon_reviews_us_Books_v1_02.tsv | head 3
  948  head -n 3 amazon_reviews_us_Books_v1_02.tsv | sort -k 2
  949  clear
  950  head -n 3 amazon_reviews_us_Books_v1_02.tsv | sort -k 2
  951  head -n 3 amazon_reviews_us_Books_v1_02.tsv | sort -k 2 > myfile.csv
  952  head myfile.csv 
  953  clear
  954  sort -k 2 amazon_reviews_us_Books_v1_02.tsv | head -n 3
  955  sort -k 2 amazon_reviews_us_Books_v1_02.tsv | head -n 1
  956  sort -k 2 amazon_reviews_us_Books_v1_02.tsv | tail -n 1
  957  sort -k 2 amazon_reviews_us_Books_v1_02.tsv | tail -n 2
  958  sort -r -k 2 amazon_reviews_us_Books_v1_02.tsv | head -n 1
  959  sort -r -k 2 amazon_reviews_us_Books_v1_02.tsv | head -n 2
  960  clear
  961  sort -r -k 2 amazon_reviews_us_Books_v1_02.tsv | head -n 3 | cut -c lih
  962  awk '{print $2}' amazon_reviews_us_Books_v1_02.tsv | sort -r -k 2 amazon_reviews_us_Books_v1_02.tsv | head -n 3
  963  awk '{print $2}' amazon_reviews_us_Books_v1_02.tsv | sort -r -k 2 amazon_reviews_us_Books_v1_02.tsv
  964  clear
  965  history
  966  awk '{print $2}' amazon_reviews_us_Books_v1_02.tsv | sort -r -k 2 amazon_reviews_us_Books_v1_02.tsv | head -n 3 | wc -l
  967  awk '{print $2}' amazon_reviews_us_Books_v1_02.tsv | sort -r -k 2 amazon_reviews_us_Books_v1_02.tsv | head -n 3 | wc -w
  968  awk '{print $2}' amazon_reviews_us_Books_v1_02.tsv | sort -r -k 2 amazon_reviews_us_Books_v1_02.tsv | head -n 3 | uniq -c
  969  clear
  970  sort -r -k 2 amazon_reviews_us_Books_v1_02.tsv | head -n 4
  971  sort -r -k 2 amazon_reviews_us_Books_v1_02.tsv | head -n 4 | uniq
  972  clear
  973  sort -r -k 2 amazon_reviews_us_Books_v1_02.tsv | head -n 4 | uniq -u
  974  sort -r -k -u 2 amazon_reviews_us_Books_v1_02.tsv | head -n 4
  975  sort -u -r -k 2 amazon_reviews_us_Books_v1_02.tsv | head -n 4 | uniq -u
  976  sort -u -k 2 amazon_reviews_us_Books_v1_02.tsv | head -n 4 | uniq -u
  977  sort -u -k 2 amazon_reviews_us_Books_v1_02.tsv | tail -n 4 | uniq -u
  978  sort -u -k 2 amazon_reviews_us_Books_v1_02.tsv | head -n 4 | uniq -u
  979  clear
  980  sort -u -k 2 amazon_reviews_us_Books_v1_02.tsv | head -n 4 |
  981  sort -u -k 2 amazon_reviews_us_Books_v1_02.tsv | head -n 4 
  982  sort -u -r -k 2 amazon_reviews_us_Books_v1_02.tsv | head -n 4 
  983  clear
  984  ls
  985  history
  986  sort -r -u -k 2 amazon_reviews_us_Books_v1_02.tsv | head -n | uniq -u
  987  sort -r -u -k 2 amazon_reviews_us_Books_v1_02.tsv | head -n 4 | uniq -u
  988  sort -r -u -k 4 amazon_reviews_us_Books_v1_02.tsv | head -n 4 | uniq -u
  989  sort -r -u -k 2 amazon_reviews_us_Books_v1_02.tsv | head -n 4 | uniq -u
  990  sort -r -u -k 4 amazon_reviews_us_Books_v1_02.tsv | head -n 4 | uniq -u
  991  sort -r -u -k 2 amazon_reviews_us_Books_v1_02.tsv | head -n 4 | uniq -u
  992  sort -r -u -k 4 amazon_reviews_us_Books_v1_02.tsv | head -n 4 | uniq -u
  993  sort -r -u -k 2 amazon_reviews_us_Books_v1_02.tsv | head -n 9 | uniq -u
  994  clear
  995  sort -r -u -k 2 amazon_reviews_us_Books_v1_02.tsv | head -n 5 | uniq -c
  996  sort -r -u -k 2 amazon_reviews_us_Books_v1_02.tsv | head -n 5 | uniq -c | sort -nr -k2
  997  sort -r -u -k2 amazon_reviews_us_Books_v1_02.tsv | head -n 5 | uniq -c
  998* 
  999  nano mytex.txt 
 1000  sort -r -u -k2 amazon_reviews_us_Books_v1_02.tsv | head -n 5 | uniq -c
 1001  ls
 1002  head amazon_reviews_us_Books_v1_02.tsv 
 1003  sort -r -u -k2 amazon_reviews_us_Books_v1_02.tsv | head -n 5 | uniq -c | wc 
 1004  awk _F '{print $2}' amazon_reviews_us_Books_v1_02.tsv |sort -r -k2 | uniq -c 
 1005  awk _F: '{print $2}' amazon_reviews_us_Books_v1_02.tsv |sort -r -k2 | uniq -c 
 1006  clear
 1007  sort -r -u -k2 amazon_reviews_us_Books_v1_02.tsv | head -n 22 | uniq -c | wc 
 1008  sort -r -u -k2 amazon_reviews_us_Books_v1_02.tsv | head -n 22 | uniq -c
 1009  sort -r -k2 amazon_reviews_us_Books_v1_02.tsv | head -n 22 | uniq -c
 1010  sort -r -k2 amazon_reviews_us_Books_v1_02.tsv | head -n 22 | uniq -u
 1011  clear
 1012  sort -k2 -r amazon_reviews_us_Books_v1_02.tsv | uniq -c
 1013  sort -k2 -r amazon_reviews_us_Books_v1_02.tsv | uniq -c | head -n 5
 1014  awk -F: '{print $2}' amazon_reviews_us_Books_v1_02.tsv | sort 
 1015  awk -F: '{print $2}' amazon_reviews_us_Books_v1_02.tsv | sort | uniq -c | sort -rn| awk '{print $2}'
 1016  awk -F: '{print $2}' amazon_reviews_us_Books_v1_02.tsv | sort | uniq -c | sort -rn| awk '{print $2}'| tail -n 5
 1017  awk -F: '{print $2}' amazon_reviews_us_Books_v1_02.tsv | sort | uniq -c | sort -rn| awk '{print $2}'| tail -n 5 > mytext.txt
 1018  history
 1019  sort -r -u -k 2 amazon_reviews_us_Books_v1_02.tsv | head -n 4 | uniq -u
 1020  sort -r -u -k 2 amazon_reviews_us_Books_v1_02.tsv | head -n 4 | uniq -c
 1021  script ws3.txt
 1022  nano ws3.txt 
 1023  history
 1024  clear
 1025  history > cmds.log
